1678217684.683220 client started (48916): version 3.3a, socket /private/tmp/tmux-501/default, protocol 8
1678217684.683344 on Darwin 22.1.0 Darwin Kernel Version 22.1.0: Sun Oct  9 20:14:30 PDT 2022; root:xnu-8792.41.9~2/RELEASE_ARM64_T8103
1678217684.683407 using libevent 2.1.12-stable (select); utf8proc 2.8.0; ncurses 6.4
1678217684.683479 flags are 0x18010000
1678217684.683503 socket is /private/tmp/tmux-501/default
1678217684.683529 trying connect
1678217684.683571 connect failed: No such file or directory
1678217684.683603 lock file is /private/tmp/tmux-501/default.lock
1678217684.683785 flock succeeded
1678217684.683801 got lock (6)
1678217684.683818 trying connect
1678217684.683846 connect failed: No such file or directory
1678217684.684601 add peer 0x150008000: 7 (0x0)
1678217684.687840 sending message 100 to peer 0x150008000 (4 bytes)
1678217684.687854 sending message 111 to peer 0x150008000 (8 bytes)
1678217684.687861 sending message 101 to peer 0x150008000 (15 bytes)
1678217684.687867 sending message 109 to peer 0x150008000 (4 bytes)
1678217684.687874 sending message 102 to peer 0x150008000 (13 bytes)
1678217684.687880 sending message 108 to peer 0x150008000 (40 bytes)
1678217684.687887 sending message 112 to peer 0x150008000 (58 bytes)
1678217684.687893 sending message 112 to peer 0x150008000 (5 bytes)
1678217684.687899 sending message 112 to peer 0x150008000 (5 bytes)
1678217684.687906 sending message 112 to peer 0x150008000 (6 bytes)
1678217684.687913 sending message 112 to peer 0x150008000 (6 bytes)
1678217684.687919 sending message 112 to peer 0x150008000 (11 bytes)
1678217684.687924 sending message 112 to peer 0x150008000 (10 bytes)
1678217684.687929 sending message 112 to peer 0x150008000 (13 bytes)
1678217684.687934 sending message 112 to peer 0x150008000 (14 bytes)
1678217684.687939 sending message 112 to peer 0x150008000 (19 bytes)
1678217684.687944 sending message 112 to peer 0x150008000 (11 bytes)
1678217684.687950 sending message 112 to peer 0x150008000 (10 bytes)
1678217684.687955 sending message 112 to peer 0x150008000 (15 bytes)
1678217684.687960 sending message 112 to peer 0x150008000 (21 bytes)
1678217684.687965 sending message 112 to peer 0x150008000 (13 bytes)
1678217684.687971 sending message 112 to peer 0x150008000 (7 bytes)
1678217684.687977 sending message 112 to peer 0x150008000 (13 bytes)
1678217684.687983 sending message 112 to peer 0x150008000 (7 bytes)
1678217684.687989 sending message 112 to peer 0x150008000 (13 bytes)
1678217684.687995 sending message 112 to peer 0x150008000 (9 bytes)
1678217684.688001 sending message 112 to peer 0x150008000 (21 bytes)
1678217684.688007 sending message 112 to peer 0x150008000 (13 bytes)
1678217684.688013 sending message 112 to peer 0x150008000 (9 bytes)
1678217684.688019 sending message 112 to peer 0x150008000 (16 bytes)
1678217684.688025 sending message 112 to peer 0x150008000 (13 bytes)
1678217684.688031 sending message 112 to peer 0x150008000 (9 bytes)
1678217684.688036 sending message 112 to peer 0x150008000 (9 bytes)
1678217684.688042 sending message 112 to peer 0x150008000 (12 bytes)
1678217684.688049 sending message 112 to peer 0x150008000 (8 bytes)
1678217684.688054 sending message 112 to peer 0x150008000 (8 bytes)
1678217684.688060 sending message 112 to peer 0x150008000 (13 bytes)
1678217684.688065 sending message 112 to peer 0x150008000 (7 bytes)
1678217684.688071 sending message 112 to peer 0x150008000 (7 bytes)
1678217684.688077 sending message 112 to peer 0x150008000 (9 bytes)
1678217684.688083 sending message 112 to peer 0x150008000 (9 bytes)
1678217684.688089 sending message 112 to peer 0x150008000 (15 bytes)
1678217684.688096 sending message 112 to peer 0x150008000 (13 bytes)
1678217684.688103 sending message 112 to peer 0x150008000 (12 bytes)
1678217684.688109 sending message 112 to peer 0x150008000 (8 bytes)
1678217684.688117 sending message 112 to peer 0x150008000 (14 bytes)
1678217684.688123 sending message 112 to peer 0x150008000 (11 bytes)
1678217684.688130 sending message 112 to peer 0x150008000 (9 bytes)
1678217684.688136 sending message 112 to peer 0x150008000 (10 bytes)
1678217684.688152 sending message 112 to peer 0x150008000 (10 bytes)
1678217684.688157 sending message 112 to peer 0x150008000 (10 bytes)
1678217684.688162 sending message 112 to peer 0x150008000 (10 bytes)
1678217684.688168 sending message 112 to peer 0x150008000 (11 bytes)
1678217684.688172 sending message 112 to peer 0x150008000 (12 bytes)
1678217684.688176 sending message 112 to peer 0x150008000 (12 bytes)
1678217684.688180 sending message 112 to peer 0x150008000 (12 bytes)
1678217684.688186 sending message 112 to peer 0x150008000 (12 bytes)
1678217684.688189 sending message 112 to peer 0x150008000 (12 bytes)
1678217684.688194 sending message 112 to peer 0x150008000 (11 bytes)
1678217684.688198 sending message 112 to peer 0x150008000 (11 bytes)
1678217684.688203 sending message 112 to peer 0x150008000 (12 bytes)
1678217684.688208 sending message 112 to peer 0x150008000 (12 bytes)
1678217684.688212 sending message 112 to peer 0x150008000 (12 bytes)
1678217684.688217 sending message 112 to peer 0x150008000 (12 bytes)
1678217684.688222 sending message 112 to peer 0x150008000 (12 bytes)
1678217684.688226 sending message 112 to peer 0x150008000 (9 bytes)
1678217684.688231 sending message 112 to peer 0x150008000 (12 bytes)
1678217684.688236 sending message 112 to peer 0x150008000 (13 bytes)
1678217684.688240 sending message 112 to peer 0x150008000 (13 bytes)
1678217684.688245 sending message 112 to peer 0x150008000 (13 bytes)
1678217684.688250 sending message 112 to peer 0x150008000 (13 bytes)
1678217684.688254 sending message 112 to peer 0x150008000 (13 bytes)
1678217684.688258 sending message 112 to peer 0x150008000 (8 bytes)
1678217684.688263 sending message 112 to peer 0x150008000 (11 bytes)
1678217684.688267 sending message 112 to peer 0x150008000 (11 bytes)
1678217684.688272 sending message 112 to peer 0x150008000 (11 bytes)
1678217684.688276 sending message 112 to peer 0x150008000 (12 bytes)
1678217684.688281 sending message 112 to peer 0x150008000 (12 bytes)
1678217684.688285 sending message 112 to peer 0x150008000 (12 bytes)
1678217684.688290 sending message 112 to peer 0x150008000 (12 bytes)
1678217684.688293 sending message 112 to peer 0x150008000 (13 bytes)
1678217684.688297 sending message 112 to peer 0x150008000 (13 bytes)
1678217684.688302 sending message 112 to peer 0x150008000 (13 bytes)
1678217684.688307 sending message 112 to peer 0x150008000 (8 bytes)
1678217684.688311 sending message 112 to peer 0x150008000 (13 bytes)
1678217684.688315 sending message 112 to peer 0x150008000 (13 bytes)
1678217684.688319 sending message 112 to peer 0x150008000 (13 bytes)
1678217684.688323 sending message 112 to peer 0x150008000 (13 bytes)
1678217684.688328 sending message 112 to peer 0x150008000 (13 bytes)
1678217684.688332 sending message 112 to peer 0x150008000 (12 bytes)
1678217684.688336 sending message 112 to peer 0x150008000 (12 bytes)
1678217684.688340 sending message 112 to peer 0x150008000 (12 bytes)
1678217684.688344 sending message 112 to peer 0x150008000 (12 bytes)
1678217684.688348 sending message 112 to peer 0x150008000 (13 bytes)
1678217684.688353 sending message 112 to peer 0x150008000 (8 bytes)
1678217684.688357 sending message 112 to peer 0x150008000 (13 bytes)
1678217684.688361 sending message 112 to peer 0x150008000 (13 bytes)
1678217684.688366 sending message 112 to peer 0x150008000 (13 bytes)
1678217684.688370 sending message 112 to peer 0x150008000 (13 bytes)
1678217684.688374 sending message 112 to peer 0x150008000 (13 bytes)
1678217684.688378 sending message 112 to peer 0x150008000 (13 bytes)
1678217684.688382 sending message 112 to peer 0x150008000 (13 bytes)
1678217684.688387 sending message 112 to peer 0x150008000 (12 bytes)
1678217684.688391 sending message 112 to peer 0x150008000 (12 bytes)
1678217684.688395 sending message 112 to peer 0x150008000 (12 bytes)
1678217684.688400 sending message 112 to peer 0x150008000 (8 bytes)
1678217684.688404 sending message 112 to peer 0x150008000 (12 bytes)
1678217684.688408 sending message 112 to peer 0x150008000 (13 bytes)
1678217684.688419 sending message 112 to peer 0x150008000 (13 bytes)
1678217684.688423 sending message 112 to peer 0x150008000 (13 bytes)
1678217684.688428 sending message 112 to peer 0x150008000 (13 bytes)
1678217684.688433 sending message 112 to peer 0x150008000 (13 bytes)
1678217684.688436 sending message 112 to peer 0x150008000 (13 bytes)
1678217684.688441 sending message 112 to peer 0x150008000 (13 bytes)
1678217684.688445 sending message 112 to peer 0x150008000 (13 bytes)
1678217684.688449 sending message 112 to peer 0x150008000 (12 bytes)
1678217684.688454 sending message 112 to peer 0x150008000 (10 bytes)
1678217684.688459 sending message 112 to peer 0x150008000 (12 bytes)
1678217684.688464 sending message 112 to peer 0x150008000 (12 bytes)
1678217684.688468 sending message 112 to peer 0x150008000 (12 bytes)
1678217684.688473 sending message 112 to peer 0x150008000 (13 bytes)
1678217684.688477 sending message 112 to peer 0x150008000 (13 bytes)
1678217684.688482 sending message 112 to peer 0x150008000 (13 bytes)
1678217684.688487 sending message 112 to peer 0x150008000 (13 bytes)
1678217684.688492 sending message 112 to peer 0x150008000 (13 bytes)
1678217684.688496 sending message 112 to peer 0x150008000 (13 bytes)
1678217684.688500 sending message 112 to peer 0x150008000 (13 bytes)
1678217684.688505 sending message 112 to peer 0x150008000 (10 bytes)
1678217684.688509 sending message 112 to peer 0x150008000 (13 bytes)
1678217684.688514 sending message 112 to peer 0x150008000 (12 bytes)
1678217684.688518 sending message 112 to peer 0x150008000 (12 bytes)
1678217684.688522 sending message 112 to peer 0x150008000 (12 bytes)
1678217684.688526 sending message 112 to peer 0x150008000 (10 bytes)
1678217684.688531 sending message 112 to peer 0x150008000 (10 bytes)
1678217684.688536 sending message 112 to peer 0x150008000 (10 bytes)
1678217684.688541 sending message 112 to peer 0x150008000 (12 bytes)
1678217684.688546 sending message 112 to peer 0x150008000 (13 bytes)
1678217684.688550 sending message 112 to peer 0x150008000 (13 bytes)
1678217684.688555 sending message 112 to peer 0x150008000 (13 bytes)
1678217684.688559 sending message 112 to peer 0x150008000 (13 bytes)
1678217684.688564 sending message 112 to peer 0x150008000 (13 bytes)
1678217684.688568 sending message 112 to peer 0x150008000 (10 bytes)
1678217684.688573 sending message 112 to peer 0x150008000 (11 bytes)
1678217684.688578 sending message 112 to peer 0x150008000 (12 bytes)
1678217684.688582 sending message 112 to peer 0x150008000 (12 bytes)
1678217684.688587 sending message 112 to peer 0x150008000 (12 bytes)
1678217684.688592 sending message 112 to peer 0x150008000 (12 bytes)
1678217684.688596 sending message 112 to peer 0x150008000 (12 bytes)
1678217684.688601 sending message 112 to peer 0x150008000 (11 bytes)
1678217684.688606 sending message 112 to peer 0x150008000 (12 bytes)
1678217684.688610 sending message 112 to peer 0x150008000 (12 bytes)
1678217684.688615 sending message 112 to peer 0x150008000 (13 bytes)
1678217684.688619 sending message 112 to peer 0x150008000 (13 bytes)
1678217684.688624 sending message 112 to peer 0x150008000 (13 bytes)
1678217684.688628 sending message 112 to peer 0x150008000 (13 bytes)
1678217684.688633 sending message 112 to peer 0x150008000 (13 bytes)
1678217684.688637 sending message 112 to peer 0x150008000 (10 bytes)
1678217684.688640 sending message 112 to peer 0x150008000 (9 bytes)
1678217684.688645 sending message 112 to peer 0x150008000 (12 bytes)
1678217684.688649 sending message 112 to peer 0x150008000 (13 bytes)
1678217684.688655 sending message 112 to peer 0x150008000 (13 bytes)
1678217684.688659 sending message 112 to peer 0x150008000 (13 bytes)
1678217684.688669 sending message 112 to peer 0x150008000 (13 bytes)
1678217684.688673 sending message 112 to peer 0x150008000 (13 bytes)
1678217684.688678 sending message 112 to peer 0x150008000 (9 bytes)
1678217684.688682 sending message 112 to peer 0x150008000 (12 bytes)
1678217684.688687 sending message 112 to peer 0x150008000 (13 bytes)
1678217684.688692 sending message 112 to peer 0x150008000 (13 bytes)
1678217684.688703 sending message 112 to peer 0x150008000 (13 bytes)
1678217684.688708 sending message 112 to peer 0x150008000 (13 bytes)
1678217684.688712 sending message 112 to peer 0x150008000 (13 bytes)
1678217684.688716 sending message 112 to peer 0x150008000 (11 bytes)
1678217684.688721 sending message 112 to peer 0x150008000 (12 bytes)
1678217684.688725 sending message 112 to peer 0x150008000 (13 bytes)
1678217684.688729 sending message 112 to peer 0x150008000 (13 bytes)
1678217684.688733 sending message 112 to peer 0x150008000 (13 bytes)
1678217684.688738 sending message 112 to peer 0x150008000 (13 bytes)
1678217684.688742 sending message 112 to peer 0x150008000 (13 bytes)
1678217684.688746 sending message 112 to peer 0x150008000 (11 bytes)
1678217684.688750 sending message 112 to peer 0x150008000 (12 bytes)
1678217684.688754 sending message 112 to peer 0x150008000 (12 bytes)
1678217684.688758 sending message 112 to peer 0x150008000 (12 bytes)
1678217684.688762 sending message 112 to peer 0x150008000 (12 bytes)
1678217684.688767 sending message 112 to peer 0x150008000 (12 bytes)
1678217684.688771 sending message 112 to peer 0x150008000 (21 bytes)
1678217684.688775 sending message 112 to peer 0x150008000 (12 bytes)
1678217684.688779 sending message 112 to peer 0x150008000 (9 bytes)
1678217684.688783 sending message 112 to peer 0x150008000 (6 bytes)
1678217684.688788 sending message 112 to peer 0x150008000 (13 bytes)
1678217684.688791 sending message 112 to peer 0x150008000 (10 bytes)
1678217684.688796 sending message 112 to peer 0x150008000 (24 bytes)
1678217684.688800 sending message 112 to peer 0x150008000 (13 bytes)
1678217684.688803 sending message 112 to peer 0x150008000 (9 bytes)
1678217684.688808 sending message 112 to peer 0x150008000 (70 bytes)
1678217684.688812 sending message 112 to peer 0x150008000 (69 bytes)
1678217684.688816 sending message 112 to peer 0x150008000 (12 bytes)
1678217684.688821 sending message 112 to peer 0x150008000 (10 bytes)
1678217684.688824 sending message 112 to peer 0x150008000 (10 bytes)
1678217684.688827 sending message 112 to peer 0x150008000 (24 bytes)
1678217684.688832 sending message 112 to peer 0x150008000 (13 bytes)
1678217684.688836 sending message 112 to peer 0x150008000 (10 bytes)
1678217684.688840 sending message 112 to peer 0x150008000 (10 bytes)
1678217684.688845 sending message 112 to peer 0x150008000 (10 bytes)
1678217684.688848 sending message 112 to peer 0x150008000 (13 bytes)
1678217684.688853 sending message 112 to peer 0x150008000 (15 bytes)
1678217684.688856 sending message 112 to peer 0x150008000 (5 bytes)
1678217684.688860 sending message 104 to peer 0x150008000 (0 bytes)
1678217684.688864 sending message 110 to peer 0x150008000 (0 bytes)
1678217684.688868 sending message 107 to peer 0x150008000 (4 bytes)
1678217684.688872 sending message 105 to peer 0x150008000 (60 bytes)
1678217684.688876 sending message 105 to peer 0x150008000 (66 bytes)
1678217684.688880 sending message 105 to peer 0x150008000 (27 bytes)
1678217684.688884 sending message 105 to peer 0x150008000 (15 bytes)
1678217684.688888 sending message 105 to peer 0x150008000 (22 bytes)
1678217684.688893 sending message 105 to peer 0x150008000 (14 bytes)
1678217684.688897 sending message 105 to peer 0x150008000 (44 bytes)
1678217684.688901 sending message 105 to peer 0x150008000 (15 bytes)
1678217684.688905 sending message 105 to peer 0x150008000 (43 bytes)
1678217684.688910 sending message 105 to peer 0x150008000 (15 bytes)
1678217684.688914 sending message 105 to peer 0x150008000 (28 bytes)
1678217684.688918 sending message 105 to peer 0x150008000 (23 bytes)
1678217684.688922 sending message 105 to peer 0x150008000 (669 bytes)
1678217684.688927 sending message 105 to peer 0x150008000 (19 bytes)
1678217684.688931 sending message 105 to peer 0x150008000 (20 bytes)
1678217684.688935 sending message 105 to peer 0x150008000 (22 bytes)
1678217684.688940 sending message 105 to peer 0x150008000 (20 bytes)
1678217684.688944 sending message 105 to peer 0x150008000 (32 bytes)
1678217684.688958 sending message 105 to peer 0x150008000 (57 bytes)
1678217684.688962 sending message 105 to peer 0x150008000 (25 bytes)
1678217684.688966 sending message 105 to peer 0x150008000 (19 bytes)
1678217684.688971 sending message 105 to peer 0x150008000 (28 bytes)
1678217684.688975 sending message 105 to peer 0x150008000 (61 bytes)
1678217684.688979 sending message 105 to peer 0x150008000 (33 bytes)
1678217684.688983 sending message 105 to peer 0x150008000 (8 bytes)
1678217684.688986 sending message 105 to peer 0x150008000 (34 bytes)
1678217684.688991 sending message 105 to peer 0x150008000 (46 bytes)
1678217684.688994 sending message 105 to peer 0x150008000 (30 bytes)
1678217684.688998 sending message 105 to peer 0x150008000 (37 bytes)
1678217684.689002 sending message 105 to peer 0x150008000 (34 bytes)
1678217684.689006 sending message 105 to peer 0x150008000 (59 bytes)
1678217684.689011 sending message 105 to peer 0x150008000 (60 bytes)
1678217684.689015 sending message 105 to peer 0x150008000 (50 bytes)
1678217684.689020 sending message 105 to peer 0x150008000 (25 bytes)
1678217684.689023 sending message 106 to peer 0x150008000 (0 bytes)
1678217684.689082 sending message 200 to peer 0x150008000 (4 bytes)
1678217684.689087 client loop enter
1678217684.689103 client_signal: Child exited: 20
1678217684.751879 peer 0x150008000 message 207
1678217684.751889 sending message 208 to peer 0x150008000 (0 bytes)
1678218277.872322 peer 0x150008000 message 201
1678218277.873677 sending message 205 to peer 0x150008000 (0 bytes)
1678218277.876023 peer 0x150008000 message 204
1678218277.876061 client loop exit
